
ROM used: 2762 (8%)
          2766 (8%) including unused fragments

          2 Average locations per line
          17 Average locations per statement

RAM used: 17 (1%) at main() level
          43 (2%) worst case

Stack used: 6 worst case (out of 31 total available)

Lines Stmts  %   Files
----- ----- ---  -----
   72    29  18  LCD_Therm.c
   23     0   0  LCD_Therm.h
  451     0   0  ..\..\..\..\Program Files\PICC\Devices\18F4550.h
  348    83  51  ..\..\..\..\Program Files\PICC\Drivers\lcd.c
  213     7   4  lcd_db666.h
  112    45  27  DS18B20.c
----- -----
 1219   164 Total

Page ROM  %  RAM   Vol Diff  Functions:
---- --- --- ---   --- ----  ----------
0     40   1   1             @delay_ms1
0     32   1   1             @delay_us1
0     20   0   0             @const73
0     82   1   3   751  4.5  lcd_read_byte
0     82   1   2   254  3.7  lcd_read_nibble
0     70   1   1   391  2.4  lcd_send_nibble
0     64   1   3   313  3.4  lcd_send_byte
0    104   2   2   660  4.9  lcd_init
0     34   1   4   186  5.5  lcd_gotoxy
0     68   1   1   272  4.1  lcd_putc
0     12   0   0    30  1.3  lcd_clear
0    230   4   8   616  7.5  ds1820_read
0     76   1   2             @MUL88
0     32   1   5             @MUL1616
0     56   1   2             @ITOF
0    242   4  11             @MULFF
0     54   1   2   158  2.2  ds_reset
0     38   1   1   110  1.7  ds_write_bit
0     42   1   3   125  3.7  ds_write_byte
0     54   1   1   170  2.2  ds_read_bit
0     54   1   3   239  5.9  ds_read_byte
0    454   8   4   868  5.2  MAIN
0     12   0   0             @const136
0     30   1   3             @PSTRINGCN_91
0     64   1   5             @FTOSD
0    122   2  13             @DIV3232
0    382   7  13             @PRINTF_L32D_91FPFPF
0    118   2  10             @FLT
0     14   0   0             @const150
0      4   0   0             @const151
0     32   1   2             @PSTRINGC_91
0     10   0   0             @const153
0     10   0   0             @const154
0     10   0   0             @const155
0     10   0   0             @const156

Program metrics:
    Functions               15
    Statements              164
    Comments                500
    Volume (V)              8599
    Difficilty (D)          56.4
    Effort to implement (E) 485282
    Time to implement (T)   7 hours, 29 minutes
    Est Delivered Bugs (B)  2
    Cyclomatic Complexity   16
    Maintainability (MI)    122

 Segment     Used  Free
-----------  ----  ----
00000-007FE     0  2048  
00800-00806     4  4  
00808-07FFE  2758  27954  



