
ROM used: 2950 (9%)
          2954 (9%) including unused fragments

          2 Average locations per line
          11 Average locations per statement

RAM used: 15 (1%) at main() level
          46 (2%) worst case

Stack used: 8 worst case (out of 31 total available)

Lines Stmts  %   Files
----- ----- ---  -----
  326   169  65  LCD_keypad.c
   47     0   0  LCD_keypad.h
  451     0   0  C:\Program Files\PICC\devices\18F4550.h
  348    83  32  C:\Program Files\PICC\drivers\lcd.c
  213     7   3  lcd_db666.h
----- -----
 1385   259 Total

Page ROM  %  RAM   Vol Diff  Functions:
---- --- --- ---   --- ----  ----------
0     40   1   1             @delay_ms1
0     20   0   0             @const73
0     82   1   3   751  4.5  lcd_read_byte
0     82   1   2   254  3.7  lcd_read_nibble
0     70   1   1   391  2.4  lcd_send_nibble
0     64   1   3   313  3.4  lcd_send_byte
0    104   2   2   660  4.9  lcd_init
0     34   1   4   186  5.5  lcd_gotoxy
0     68   1   1   272  4.1  lcd_putc
0     10   0   0    30  1.3  clr_display
0     10   0   0    30  1.3  cursor_off
0     12   0   0    30  1.3  cursor_blink_on
0    202   3   0   483  4.7  MAIN
0     56   1   4             @SFTOI
0    208   4   4   975  4.8  unlock
0     14   0   0             @const133
0     32   1   2             @PSTRINGC_91
0    280   5   4   906  6.3  kp_read
0     30   1   5             @MUL1616
0    122   2   2   374  3.7  intrusion
0      8   0   0             @const140
0     16   0   0             @const141
0    228   4  17   775  5.5  read_combination
0     14   0   0             @const148
0      2   0   0             @const149
0    146   2   2   516  4.2  wrong_code
0     12   0   0             @const151
0     12   0   0             @const152
0     32   1   3             @PSTRINGCN_91
0     40   1   3             @DIV88
0    104   2   2             @PRINTF_U_91
0    200   3   4   681  3.3  code_gestion
0     14   0   0             @const163
0     18   0   0             @const164
0     18   0   0             @const165
0     12   0   0             @const166
0    206   3  16   502  5.5  read_from_EEPROM
0     56   1   2             @ITOF
0    202   3  14   502  6.3  write_to_EEPROM
0     66   1   5             @DIV1616

Program metrics:
    Functions               19
    Statements              259
    Comments                588
    Volume (V)              14674
    Difficilty (D)          75.6
    Effort to implement (E) 1109370
    Time to implement (T)   17 hours, 7 minutes
    Est Delivered Bugs (B)  4
    Cyclomatic Complexity   36
    Maintainability (MI)    130

 Segment     Used  Free
-----------  ----  ----
00000-007FE     0  2048  
00800-00806     4  4  
00808-07FFE  2946  27766  



