
ROM used: 3378 (10%)
          3382 (10%) including unused fragments

          2 Average locations per line
          14 Average locations per statement

RAM used: 22 (1%) at main() level
          48 (2%) worst case

Stack used: 8 worst case (out of 31 total available)

Lines Stmts  %   Files
----- ----- ---  -----
   83    29  12  thermostat_clock.c
   23     0   0  thermostat_clock.h
  451     0   0  ..\..\..\..\Program Files\PICC\Devices\18F4550.h
  348    83  35  ..\..\..\..\Program Files\PICC\Drivers\lcd.c
  213     7   3  lcd_db666.h
  112    45  19  DS18B20.c
  162    71  30  lcd_clock.c
   10     0   0  lcd_clock.h
----- -----
 1402   235 Total

Page ROM  %  RAM   Vol Diff  Functions:
---- --- --- ---   --- ----  ----------
0     40   1   1             @delay_ms1
0     32   0   1             @delay_us1
0     20   0   0             @const73
0     82   1   3   751  4.5  lcd_read_byte
0     82   1   2   254  3.7  lcd_read_nibble
0     70   1   1   391  2.4  lcd_send_nibble
0     64   1   3   313  3.4  lcd_send_byte
0    104   2   2   660  4.9  lcd_init
0     34   1   4   186  5.5  lcd_gotoxy
0     68   1   1   272  4.1  lcd_putc
0     12   0   0    30  1.3  lcd_clear
0    230   3   8   616  7.5  ds1820_read
0     76   1   2             @MUL88
0     32   0   5             @MUL1616
0     56   1   2             @ITOF
0    242   4  11             @MULFF
0     54   1   2   158  2.2  ds_reset
0     38   1   1   110  1.7  ds_write_bit
0     42   1   3   125  3.7  ds_write_byte
0     54   1   1   170  2.2  ds_read_bit
0     54   1   3   247  4.9  ds_read_byte
0     92   1   4   380  4.7  lcd_pic_clock
0     24   0   0   119  2.9  MinsRoutine
0     54   1   0   321  4.1  HrsRoutine
0     20   0   1    86  2.0  TimeAdjust
0     74   1   0   497  4.2  EcouleTemps
0    186   3   5   584  4.0  Display_time
0      4   0   0  1524  5.8  @const150
0     32   0   2             @PSTRINGC_91
0      4   0   0             @const152
0     40   1   3             @DIV88
0    102   2   2             @PRINTF_U_91
0    470   7   4   875  5.6  MAIN
0     12   0   0             @const164
0     30   0   3             @PSTRINGCN_91
0     64   1   5             @FTOSD
0    122   2  13             @DIV3232
0    382   6  13             @PRINTF_L32D_91FPFPF
0      4   0   0             @const175
0    118   2  10             @FLT
0     14   0   0             @const179
0     10   0   0             @const180
0     10   0   0             @const181
0     10   0   0             @const182
0     10   0   0             @const183

Program metrics:
    Functions               22
    Statements              235
    Comments                606
    Volume (V)              15102
    Difficilty (D)          84.6
    Effort to implement (E) 1277702
    Time to implement (T)   19 hours, 43 minutes
    Est Delivered Bugs (B)  4
    Cyclomatic Complexity   42
    Maintainability (MI)    146

 Segment     Used  Free
-----------  ----  ----
00000-007FE     0  2048  
00800-00806     4  4  
00808-07FFE  3374  27338  



