
ROM used: 1308 (4%)
          1312 (4%) including unused fragments

          1 Average locations per line
          8 Average locations per statement

RAM used: 13 (1%) at main() level
          30 (1%) worst case

Stack used: 7 worst case (out of 31 total available)

Lines Stmts  %   Files
----- ----- ---  -----
  151    73  47  lcd_clock.c
   27     0   0  lcd_clock.h
  451     0   0  ..\..\..\..\Program Files\PICC\Devices\18F4550.h
  348    83  53  ..\..\..\..\Program Files\PICC\Drivers\lcd.c
----- -----
  977   156 Total

Page ROM  %  RAM   Vol Diff  Functions:
---- --- --- ---   --- ----  ----------
0     40   2   1             @delay_ms1
0     20   1   0             @const73
0     82   3   3   751  4.5  lcd_read_byte
0     82   3   2   254  3.7  lcd_read_nibble
0     70   3   1   391  2.4  lcd_send_nibble
0     64   2   3   313  3.4  lcd_send_byte
0    104   4   2   660  4.9  lcd_init
0     34   1   4   186  5.5  lcd_gotoxy
0     68   3   1   272  4.1  lcd_putc
0    132   5   4   467  5.7  MAIN
0     24   1   0   119  2.9  MinsRoutine
0     54   2   0   321  4.1  HrsRoutine
0     20   1   1    86  2.0  TimeAdjust
0     74   3   0   491  4.2  EcouleTemps
0    192   7   5   584  4.0  Display_time
0      4   0   0    86  2.0  @const115
0     32   1   2   861  4.7  @PSTRINGC_91
0      4   0   0   282  3.5  @const117
0     16   1   0   119  2.9  @const118
0     30   1   3   326  4.1  @PSTRINGCN_91
0     40   2   3    86  2.0  @DIV88
0    102   4   2   502  4.2  @PRINTF_U_91
0     16   1   0   282  3.5  @const127

Program metrics:
    Functions               21
    Statements              156
    Comments                286
    Volume (V)              13240
    Difficilty (D)          79.5
    Effort to implement (E) 1052960
    Time to implement (T)   16 hours, 15 minutes
    Est Delivered Bugs (B)  3
    Cyclomatic Complexity   49
    Maintainability (MI)    78

 Segment     Used  Free
-----------  ----  ----
00000-007FE     0  2048  
00800-00806     4  4  
00808-07FFE  1304  29408  



