
ROM used: 1094 (3%)
          1098 (3%) including unused fragments

          1 Average locations per line
          9 Average locations per statement

RAM used: 9 (0%) at main() level
          25 (1%) worst case

Stack used: 7 worst case (out of 31 total available)

Lines Stmts  %   Files
----- ----- ---  -----
  128    44  35  clock.c
  451     0   0  ..\..\..\Program Files\PICC\Devices\18F4550.h
  348    83  65  ..\..\..\Program Files\PICC\Drivers\lcd.c
----- -----
  927   127 Total

Page ROM  %  RAM   Vol Diff  Functions:
---- --- --- ---   --- ----  ----------
0     40   2   1             @delay_ms1
0     20   1   0             @const73
0     82   4   3   751  4.5  lcd_read_byte
0     82   4   2   254  3.7  lcd_read_nibble
0     70   3   1   391  2.4  lcd_send_nibble
0     64   3   3   313  3.4  lcd_send_byte
0    104   5   2   660  4.9  lcd_init
0     34   2   4   186  5.5  lcd_gotoxy
0     68   3   1   272  4.1  lcd_putc
0     84   4   1   228  4.5  MAIN
0     14   1   0    53  2.5  MinsRoutine
0     18   1   0    82  3.1  HrsRoutine
0     20   1   1    86  2.0  TimeAdjust
0     38   2   0   219  3.6  EcouleTemps
0    118   5   4   315  3.4  Display_time
0     20   1   0             @const111
0     32   1   3             @PSTRINGCN_91
0     40   2   3             @DIV88
0    102   5   2             @PRINTF_U_91
0      4   0   0             @const120
0     32   1   2             @PSTRINGC_91
0      4   0   0             @const122

Program metrics:
    Functions               13
    Statements              127
    Comments                245
    Volume (V)              6335
    Difficilty (D)          47.9
    Effort to implement (E) 303312
    Time to implement (T)   4 hours, 41 minutes
    Est Delivered Bugs (B)  2
    Cyclomatic Complexity   18
    Maintainability (MI)    123

 Segment     Used  Free
-----------  ----  ----
00000-007FE     0  2048  
00800-00806     4  4  
00808-07FFE  1090  29622  



