
ROM used: 3320 (10%)
          3324 (10%) including unused fragments

          3 Average locations per line
          19 Average locations per statement

RAM used: 42 (2%) at main() level
          74 (4%) worst case

Stack used: 7 worst case (out of 31 total available)

Lines Stmts  %   Files
----- ----- ---  -----
  135    44  26  RTC clock.c
  451     0   0  ..\..\..\..\Program Files\PICC\Devices\18F4550.h
  348    83  48  ..\..\..\..\Program Files\PICC\Drivers\lcd.c
  112    45  26  DS18B20.c
----- -----
 1046   172 Total

Page ROM  %  RAM   Vol Diff  Functions:
---- --- --- ---   --- ----  ----------
0     40   1   1             @delay_ms1
0     32   0   1             @delay_us1
0     30   0   0             @const73
0     82   1   3   751  4.5  lcd_read_byte
0     82   1   2   254  3.7  lcd_read_nibble
0     70   1   1   391  2.4  lcd_send_nibble
0     64   1   3   313  3.4  lcd_send_byte
0    104   2   2   660  4.9  lcd_init
0     34   1   4   186  5.5  lcd_gotoxy
0     68   1   1   272  4.1  lcd_putc
0    230   3   8   616  7.5  ds1820_read
0     76   1   2   836  7.2  @MUL88
0     32   0   5   258  2.2  @MUL1616
0     56   1   2             @ITOF
0    242   4  11             @MULFF
0     54   1   2   158  2.2  ds_reset
0     38   1   1   110  1.7  ds_write_bit
0     42   1   3   125  3.7  ds_write_byte
0     54   1   1   170  2.2  ds_read_bit
0     54   1   3   243  5.4  ds_read_byte
0     20   0   0    82  2.5  Initialize_RTC
0    168   3   2   836  7.2  TIMER1_isr
0    380   6   0   535  3.7  MAIN
0    118   2  10             @FLT
0     20   0   0             @const141
0     30   0   3             @PSTRINGCN_91
0     40   1   3             @DIV88
0    102   2   2             @PRINTF_U_91
0    180   3   9             @PRINTF_LU_91
0     12   0   0             @const153
0     64   1   5             @FTOSD
0    122   2  13             @DIV3232
0    382   6  13             @PRINTF_L32D_91FPFPF
0     14   0   0             @const162
0      4   0   0             @const163
0     34   1   2             @PSTRINGC_91

Program metrics:
    Functions               18
    Statements              172
    Comments                286
    Volume (V)              11678
    Difficilty (D)          72.6
    Effort to implement (E) 847658
    Time to implement (T)   13 hours, 5 minutes
    Est Delivered Bugs (B)  3
    Cyclomatic Complexity   25
    Maintainability (MI)    95

 Segment     Used  Free
-----------  ----  ----
00000-007FE     0  2048  
00800-00806     4  4  
00808-00894   142  0  
00896-07FFE  3174  27396  



